
9月 10, 2019 10:43:32.21 NEW SESSION
9月 10, 2019 10:43:32.21 [5284:3612:0910/104332.105:ERROR:connection_factory_impl.cc(413)] Failed to connect to MCS endpoint with error -106
9月 10, 2019 10:43:57.50 [5284:3612:0910/104357.505:ERROR:connection_factory_impl.cc(413)] Failed to connect to MCS endpoint with error -106
9月 10, 2019 10:44:53.61 [5284:3612:0910/104453.612:ERROR:connection_factory_impl.cc(413)] Failed to connect to MCS endpoint with error -106
9月 10, 2019 10:46:23.92 [5284:3612:0910/104623.924:ERROR:connection_factory_impl.cc(413)] Failed to connect to MCS endpoint with error -106
9月 10, 2019 10:50:20.99 [5284:3612:0910/105020.997:ERROR:connection_factory_impl.cc(413)] Failed to connect to MCS endpoint with error -106
9月 10, 2019 10:51:49.81 [5284:6988:0910/105149.810:ERROR:gcm_channel_status_request.cc(146)] GCM channel request failed.
9月 10, 2019 10:52:18.09 [5284:6988:0910/105218.091:ERROR:gcm_channel_status_request.cc(146)] GCM channel request failed.
9月 10, 2019 10:53:15.68 [5284:6988:0910/105315.687:ERROR:gcm_channel_status_request.cc(146)] GCM channel request failed.
9月 10, 2019 10:55:08.19 [5284:6988:0910/105508.190:ERROR:gcm_channel_status_request.cc(146)] GCM channel request failed.
9月 10, 2019 10:56:52.42 [5284:3612:0910/105652.426:ERROR:connection_factory_impl.cc(413)] Failed to connect to MCS endpoint with error -106
9月 10, 2019 10:58:21.62 [5284:6988:0910/105821.624:ERROR:gcm_channel_status_request.cc(146)] GCM channel request failed.
9月 10, 2019 11:04:13.00 [5284:6988:0910/110413.003:ERROR:gcm_channel_status_request.cc(146)] GCM channel request failed.
9月 10, 2019 11:06:52.44 [5284:3612:0910/110652.444:ERROR:connection_factory_impl.cc(413)] Failed to connect to MCS endpoint with error -106
9月 10, 2019 11:14:13.01 [5284:6988:0910/111413.019:ERROR:gcm_channel_status_request.cc(146)] GCM channel request failed.
9月 10, 2019 11:16:52.45 [5284:3612:0910/111652.450:ERROR:connection_factory_impl.cc(413)] Failed to connect to MCS endpoint with error -106
9月 10, 2019 11:24:13.03 [5284:6988:0910/112413.037:ERROR:gcm_channel_status_request.cc(146)] GCM channel request failed.
9月 10, 2019 11:26:52.46 [5284:3612:0910/112652.461:ERROR:connection_factory_impl.cc(413)] Failed to connect to MCS endpoint with error -106
9月 10, 2019 11:34:13.04 [5284:6988:0910/113413.048:ERROR:gcm_channel_status_request.cc(146)] GCM channel request failed.
9月 10, 2019 11:36:52.47 [5284:3612:0910/113652.478:ERROR:connection_factory_impl.cc(413)] Failed to connect to MCS endpoint with error -106
9月 10, 2019 11:44:13.05 [5284:6988:0910/114413.053:ERROR:gcm_channel_status_request.cc(146)] GCM channel request failed.
9月 10, 2019 11:46:52.49 [5284:3612:0910/114652.490:ERROR:connection_factory_impl.cc(413)] Failed to connect to MCS endpoint with error -106
9月 10, 2019 11:54:13.05 [5284:6988:0910/115413.057:ERROR:gcm_channel_status_request.cc(146)] GCM channel request failed.
9月 10, 2019 11:56:52.49 [5284:3612:0910/115652.498:ERROR:connection_factory_impl.cc(413)] Failed to connect to MCS endpoint with error -106
9月 10, 2019 12:04:13.07 [5284:6988:0910/120413.072:ERROR:gcm_channel_status_request.cc(146)] GCM channel request failed.
9月 10, 2019 12:06:52.51 [5284:3612:0910/120652.516:ERROR:connection_factory_impl.cc(413)] Failed to connect to MCS endpoint with error -106
9月 10, 2019 12:14:13.09 [5284:6988:0910/121413.090:ERROR:gcm_channel_status_request.cc(146)] GCM channel request failed.
9月 10, 2019 12:16:52.51 [5284:3612:0910/121652.519:ERROR:connection_factory_impl.cc(413)] Failed to connect to MCS endpoint with error -106
9月 10, 2019 12:19:24.97 [5284:6988:0910/121924.979:ERROR:CONSOLE(24)] "Empty response arrived for script 'devtools://devtools/remote/serve_file/@fd1acc410994a7a68ac25bc77513d443f3130860/product_registry_impl/product_registry_impl_module.js'", source: devtools://devtools/bundled/shell.js (24)
9月 10, 2019 12:19:24.97 [5284:6988:0910/121924.979:ERROR:CONSOLE(109)] "Uncaught (in promise) Error: Could not instantiate: ProductRegistryImpl.Registry", source: devtools://devtools/bundled/shell.js (109)
9月 10, 2019 12:19:24.98 [5284:6988:0910/121924.979:ERROR:CONSOLE(109)] "Uncaught (in promise) Error: Could not instantiate: ProductRegistryImpl.Registry", source: devtools://devtools/bundled/shell.js (109)
9月 10, 2019 12:19:24.98 [5284:6988:0910/121924.979:ERROR:CONSOLE(109)] "Uncaught (in promise) Error: Could not instantiate: ProductRegistryImpl.Registry", source: devtools://devtools/bundled/shell.js (109)
9月 10, 2019 12:24:13.09 [5284:6988:0910/122413.093:ERROR:gcm_channel_status_request.cc(146)] GCM channel request failed.
9月 10, 2019 12:26:52.52 [5284:3612:0910/122652.526:ERROR:connection_factory_impl.cc(413)] Failed to connect to MCS endpoint with error -106
9月 10, 2019 12:34:13.09 [5284:6988:0910/123413.097:ERROR:gcm_channel_status_request.cc(146)] GCM channel request failed.
9月 10, 2019 12:36:52.53 [5284:3612:0910/123652.533:ERROR:connection_factory_impl.cc(413)] Failed to connect to MCS endpoint with error -106
9月 10, 2019 12:44:13.11 [5284:6988:0910/124413.115:ERROR:gcm_channel_status_request.cc(146)] GCM channel request failed.
9月 10, 2019 12:46:52.54 [5284:3612:0910/124652.541:ERROR:connection_factory_impl.cc(413)] Failed to connect to MCS endpoint with error -106

9月 10, 2019 15:23:58.21 NEW SESSION
9月 10, 2019 15:23:58.21 [9232:6588:0910/152358.215:ERROR:connection_factory_impl.cc(413)] Failed to connect to MCS endpoint with error -106
9月 10, 2019 15:24:23.19 [9232:6588:0910/152423.196:ERROR:connection_factory_impl.cc(413)] Failed to connect to MCS endpoint with error -106
9月 10, 2019 15:25:15.79 [9232:6588:0910/152515.793:ERROR:connection_factory_impl.cc(413)] Failed to connect to MCS endpoint with error -106
9月 10, 2019 15:27:04.67 [9232:6588:0910/152704.679:ERROR:connection_factory_impl.cc(413)] Failed to connect to MCS endpoint with error -106
9月 10, 2019 15:30:09.16 [9232:6588:0910/153009.166:ERROR:connection_factory_impl.cc(413)] Failed to connect to MCS endpoint with error -106
9月 10, 2019 15:30:34.05 [9232:11100:0910/153034.054:ERROR:gcm_channel_status_request.cc(146)] GCM channel request failed.
9月 10, 2019 15:31:00.34 [9232:11100:0910/153100.339:ERROR:gcm_channel_status_request.cc(146)] GCM channel request failed.
9月 10, 2019 15:31:49.51 [9232:11100:0910/153149.509:ERROR:gcm_channel_status_request.cc(146)] GCM channel request failed.
9月 10, 2019 15:33:19.27 [9232:11100:0910/153319.277:ERROR:gcm_channel_status_request.cc(146)] GCM channel request failed.
9月 10, 2019 15:36:38.89 [9232:6588:0910/153638.889:ERROR:connection_factory_impl.cc(413)] Failed to connect to MCS endpoint with error -106
9月 10, 2019 15:37:08.84 [9232:11100:0910/153708.841:ERROR:gcm_channel_status_request.cc(146)] GCM channel request failed.
9月 10, 2019 15:43:13.43 [9232:11100:0910/154313.434:ERROR:gcm_channel_status_request.cc(146)] GCM channel request failed.
9月 10, 2019 15:43:25.00 [9232:6588:0910/154325.005:ERROR:browser_process_sub_thread.cc(203)] Waited 5 ms for network service

9月 11, 2019 09:08:39.72 NEW SESSION
9月 11, 2019 09:08:39.72 [3708:5216:0911/090839.729:ERROR:browser_process_sub_thread.cc(203)] Waited 8 ms for network service

9月 11, 2019 10:03:16.20 NEW SESSION
9月 11, 2019 10:03:16.20 [14584:14612:0911/100316.184:ERROR:browser_process_sub_thread.cc(203)] Waited 5 ms for network service

9月 11, 2019 10:33:03.97 NEW SESSION
9月 11, 2019 10:33:03.97 [1040:2608:0911/103303.970:ERROR:connection_factory_impl.cc(413)] Failed to connect to MCS endpoint with error -106
9月 11, 2019 10:33:11.61 [1040:2608:0911/103311.615:ERROR:connection_factory_impl.cc(413)] Failed to connect to MCS endpoint with error -105

9月 15, 2019 08:59:26.60 NEW SESSION
9月 15, 2019 08:59:26.60 [14096:2532:0915/085926.596:ERROR:connection_factory_impl.cc(413)] Failed to connect to MCS endpoint with error -106
9月 15, 2019 08:59:55.67 [14096:2532:0915/085955.675:ERROR:connection_factory_impl.cc(413)] Failed to connect to MCS endpoint with error -106
9月 15, 2019 08:59:57.57 [14096:2532:0915/085957.576:ERROR:connection_factory_impl.cc(413)] Failed to connect to MCS endpoint with error -106
9月 15, 2019 09:12:07.54 [14096:2532:0915/091207.548:ERROR:browser_process_sub_thread.cc(203)] Waited 12 ms for network service
